<?xml version="1.0" encoding="UTF-8"?>
<!-- Generated by org.testng.reporters.JUnitXMLReporter -->
<testsuite hostname="DESKTOP-VTF9A6I" ignored="0" name="Test" tests="4" failures="0" timestamp="2021-12-17T19:43:24 IST" time="0.072" errors="0">
  <testcase name="AppiumSignup" time="0.007" classname="quickacadamy.Mavenjava.AppiumTest"/>
  <testcase name="Appiumlogin" time="0.001" classname="quickacadamy.Mavenjava.AppiumTest"/>
  <testcase name="RestAPISignup" time="0.001" classname="quickacadamy.Mavenjava.RestAPITest"/>
  <testcase name="RestAPIlogin" time="0.0" classname="quickacadamy.Mavenjava.RestAPITest"/>
</testsuite> <!-- Test -->
