<?xml version="1.0" encoding="UTF-8"?>
<testsuite xmlns:xsi="http://www.w3.org/2001/XMLSchema-instance" xsi:noNamespaceSchemaLocation="https://maven.apache.org/surefire/maven-surefire-plugin/xsd/surefire-test-report-3.0.xsd" version="3.0" name="TestSuite" time="0.887" tests="4" errors="0" skipped="0" failures="0">
  <properties>
[...]
</properties>
  <testcase name="AppiumSignup" classname="quickacadamy.Mavenjava.AppiumTest" time="0.009">
    <system-out><![CDATA[Appium Signup
]]></system-out>
  </testcase>
  <testcase name="Appiumlogin" classname="quickacadamy.Mavenjava.AppiumTest" time="0.002">
    <system-out><![CDATA[Appium login
]]></system-out>
  </testcase>
  <testcase name="RestAPISignup" classname="quickacadamy.Mavenjava.RestAPITest" time="0.001">
    <system-out><![CDATA[RestAPI login
]]></system-out>
  </testcase>
  <testcase name="RestAPIlogin" classname="quickacadamy.Mavenjava.RestAPITest" time="0.001">
    <system-out><![CDATA[RestAPI login
]]></system-out>
  </testcase>
</testsuite>